01:45:13 **** Incremental Build of configuration Debug for project queue-start ****
make all 
Building file: ../kalp.c
Invoking: GCC C Compiler
gcc -O0 -g3 -Wall -c -fmessage-length=0 -MMD -MP -MF"kalp.d" -MT"kalp.o" -o "kalp.o" "../kalp.c"
Finished building: ../kalp.c
 
Building target: queue-start
Invoking: GCC C Linker
gcc  -o "queue-start" ./kalp.o   
Finished building target: queue-start
 
01:45:19 **** Incremental Build of configuration Debug for project queue-start ****
make all 
make: Nothing to be done for 'all'.
01:45:34 **** Incremental Build of configuration Debug for project queue-start ****
make all 
Building file: ../kalp.c
Invoking: GCC C Compiler
gcc -O0 -g3 -Wall -c -fmessage-length=0 -MMD -MP -MF"kalp.d" -MT"kalp.o" -o "kalp.o" "../kalp.c"
Finished building: ../kalp.c
 
Building target: queue-start
Invoking: GCC C Linker
gcc  -o "queue-start" ./kalp.o   
Finished building target: queue-start
 
01:45:35 **** Incremental Build of configuration Debug for project queue-start ****
make all 
make: Nothing to be done for 'all'.
01:45:45 **** Incremental Build of configuration Debug for project queue-start ****
make all 
Building file: ../kalp.c
Invoking: GCC C Compiler
gcc -O0 -g3 -Wall -c -fmessage-length=0 -MMD -MP -MF"kalp.d" -MT"kalp.o" -o "kalp.o" "../kalp.c"
Finished building: ../kalp.c
 
Building target: queue-start
Invoking: GCC C Linker
gcc  -o "queue-start" ./kalp.o   
Finished building target: queue-start
 
01:45:46 **** Incremental Build of configuration Debug for project queue-start ****
make all 
make: Nothing to be done for 'all'.
